2026-01-06 21:20:00 [ERROR] config\CSC\config.toml (The system cannot find the file specified)
2026-01-06 21:20:01 [INFO] CSC is loading...   Success?
2026-01-06 21:20:02 [INFO]   Detected cloud rule update, preparing to download~
2026-01-06 21:20:02 [INFO]   Update completed~
2026-01-06 21:20:58 [INFO]    _____  _____  _____ 
2026-01-06 21:20:58 [INFO]   / ____|/ ____|/ ____|
2026-01-06 21:20:58 [INFO]  | |    | (___ | |        [CSC] Version: v0.21
2026-01-06 21:20:58 [INFO]  | |     \___ \| |        Minecraft Version: 1.20.1 forge
2026-01-06 21:20:58 [INFO]  | |____ ____) | |____    Problem/Feedback: Tencent QQ?1061133894
2026-01-06 21:20:58 [INFO]   \_____|_____/ \_____|
2026-01-06 21:20:58 [INFO]                        
2026-01-06 21:24:21 [INFO] CSC close completely, thanks for using!
2026-01-06 21:24:34 [INFO]    _____  _____  _____ 
2026-01-06 21:24:34 [INFO]   / ____|/ ____|/ ____|
2026-01-06 21:24:34 [INFO]  | |    | (___ | |        [CSC] Version: v0.21
2026-01-06 21:24:34 [INFO]  | |     \___ \| |        Minecraft Version: 1.20.1 forge
2026-01-06 21:24:34 [INFO]  | |____ ____) | |____    Problem/Feedback: Tencent QQ?1061133894
2026-01-06 21:24:34 [INFO]   \_____|_____/ \_____|
2026-01-06 21:24:34 [INFO]                        
2026-01-06 21:24:54 [INFO] CSC close completely, thanks for using!
2026-01-06 21:25:02 [INFO]    _____  _____  _____ 
2026-01-06 21:25:02 [INFO]   / ____|/ ____|/ ____|
2026-01-06 21:25:02 [INFO]  | |    | (___ | |        [CSC] Version: v0.21
2026-01-06 21:25:02 [INFO]  | |     \___ \| |        Minecraft Version: 1.20.1 forge
2026-01-06 21:25:02 [INFO]  | |____ ____) | |____    Problem/Feedback: Tencent QQ?1061133894
2026-01-06 21:25:02 [INFO]   \_____|_____/ \_____|
2026-01-06 21:25:02 [INFO]                        
2026-01-06 21:25:42 [INFO] CSC close completely, thanks for using!
2026-01-06 21:25:53 [INFO]    _____  _____  _____ 
2026-01-06 21:25:53 [INFO]   / ____|/ ____|/ ____|
2026-01-06 21:25:53 [INFO]  | |    | (___ | |        [CSC] Version: v0.21
2026-01-06 21:25:53 [INFO]  | |     \___ \| |        Minecraft Version: 1.20.1 forge
2026-01-06 21:25:53 [INFO]  | |____ ____) | |____    Problem/Feedback: Tencent QQ?1061133894
2026-01-06 21:25:53 [INFO]   \_____|_____/ \_____|
2026-01-06 21:25:53 [INFO]                        
2026-01-06 21:27:04 [INFO] CSC close completely, thanks for using!
2026-01-06 21:27:20 [INFO]    _____  _____  _____ 
2026-01-06 21:27:20 [INFO]   / ____|/ ____|/ ____|
2026-01-06 21:27:20 [INFO]  | |    | (___ | |        [CSC] Version: v0.21
2026-01-06 21:27:20 [INFO]  | |     \___ \| |        Minecraft Version: 1.20.1 forge
2026-01-06 21:27:20 [INFO]  | |____ ____) | |____    Problem/Feedback: Tencent QQ?1061133894
2026-01-06 21:27:20 [INFO]   \_____|_____/ \_____|
2026-01-06 21:27:20 [INFO]                        
2026-01-06 21:57:08 [INFO] CSC close completely, thanks for using!
2026-01-06 21:57:20 [INFO]    _____  _____  _____ 
2026-01-06 21:57:20 [INFO]   / ____|/ ____|/ ____|
2026-01-06 21:57:20 [INFO]  | |    | (___ | |        [CSC] Version: v0.21
2026-01-06 21:57:20 [INFO]  | |     \___ \| |        Minecraft Version: 1.20.1 forge
2026-01-06 21:57:20 [INFO]  | |____ ____) | |____    Problem/Feedback: Tencent QQ?1061133894
2026-01-06 21:57:20 [INFO]   \_____|_____/ \_____|
2026-01-06 21:57:20 [INFO]                        
2026-01-06 22:06:01 [INFO] CSC close completely, thanks for using!
2026-01-07 09:18:39 [INFO] CSC is loading...   Success?
2026-01-07 11:59:00 [INFO]    _____  _____  _____ 
2026-01-07 11:59:00 [INFO]   / ____|/ ____|/ ____|
2026-01-07 11:59:00 [INFO]  | |    | (___ | |        [CSC] Version: v0.21
2026-01-07 11:59:00 [INFO]  | |     \___ \| |        Minecraft Version: 1.20.1 forge
2026-01-07 11:59:00 [INFO]  | |____ ____) | |____    Problem/Feedback: Tencent QQ?1061133894
2026-01-07 11:59:00 [INFO]   \_____|_____/ \_____|
2026-01-07 11:59:00 [INFO]                        
2026-01-07 14:44:24 [INFO] CSC close completely, thanks for using!
2026-01-07 14:44:38 [INFO]    _____  _____  _____ 
2026-01-07 14:44:38 [INFO]   / ____|/ ____|/ ____|
2026-01-07 14:44:38 [INFO]  | |    | (___ | |        [CSC] Version: v0.21
2026-01-07 14:44:38 [INFO]  | |     \___ \| |        Minecraft Version: 1.20.1 forge
2026-01-07 14:44:38 [INFO]  | |____ ____) | |____    Problem/Feedback: Tencent QQ?1061133894
2026-01-07 14:44:38 [INFO]   \_____|_____/ \_____|
2026-01-07 14:44:38 [INFO]                        
2026-01-07 16:38:09 [INFO] CSC close completely, thanks for using!
2026-01-07 16:40:06 [INFO] CSC is loading...   Success?
2026-01-07 16:40:52 [INFO]    _____  _____  _____ 
2026-01-07 16:40:52 [INFO]   / ____|/ ____|/ ____|
2026-01-07 16:40:52 [INFO]  | |    | (___ | |        [CSC] Version: v0.21
2026-01-07 16:40:52 [INFO]  | |     \___ \| |        Minecraft Version: 1.20.1 forge
2026-01-07 16:40:52 [INFO]  | |____ ____) | |____    Problem/Feedback: Tencent QQ?1061133894
2026-01-07 16:40:52 [INFO]   \_____|_____/ \_____|
2026-01-07 16:40:52 [INFO]                        
2026-01-07 16:55:18 [INFO] CSC close completely, thanks for using!
2026-01-07 16:59:54 [INFO]    _____  _____  _____ 
2026-01-07 16:59:54 [INFO]   / ____|/ ____|/ ____|
2026-01-07 16:59:54 [INFO]  | |    | (___ | |        [CSC] Version: v0.21
2026-01-07 16:59:54 [INFO]  | |     \___ \| |        Minecraft Version: 1.20.1 forge
2026-01-07 16:59:54 [INFO]  | |____ ____) | |____    Problem/Feedback: Tencent QQ?1061133894
2026-01-07 16:59:54 [INFO]   \_____|_____/ \_____|
2026-01-07 16:59:54 [INFO]                        
2026-01-07 23:38:12 [INFO] CSC close completely, thanks for using!
2026-01-08 14:44:32 [INFO] CSC is loading...   Success?
2026-01-08 14:49:11 [INFO]    _____  _____  _____ 
2026-01-08 14:49:11 [INFO]   / ____|/ ____|/ ____|
2026-01-08 14:49:11 [INFO]  | |    | (___ | |        [CSC] Version: v0.21
2026-01-08 14:49:11 [INFO]  | |     \___ \| |        Minecraft Version: 1.20.1 forge
2026-01-08 14:49:11 [INFO]  | |____ ____) | |____    Problem/Feedback: Tencent QQ?1061133894
2026-01-08 14:49:11 [INFO]   \_____|_____/ \_____|
2026-01-08 14:49:11 [INFO]                        
2026-01-08 16:11:40 [INFO] CSC close completely, thanks for using!
2026-01-08 16:13:09 [INFO] CSC is loading...   Success?
2026-01-08 16:15:29 [INFO]    _____  _____  _____ 
2026-01-08 16:15:29 [INFO]   / ____|/ ____|/ ____|
2026-01-08 16:15:29 [INFO]  | |    | (___ | |        [CSC] Version: v0.21
2026-01-08 16:15:29 [INFO]  | |     \___ \| |        Minecraft Version: 1.20.1 forge
2026-01-08 16:15:29 [INFO]  | |____ ____) | |____    Problem/Feedback: Tencent QQ?1061133894
2026-01-08 16:15:29 [INFO]   \_____|_____/ \_____|
2026-01-08 16:15:29 [INFO]                        
2026-01-08 22:15:29 [INFO] CSC close completely, thanks for using!
2026-01-08 22:16:31 [INFO] CSC is loading...   Success?
2026-01-08 22:16:57 [INFO]    _____  _____  _____ 
2026-01-08 22:16:57 [INFO]   / ____|/ ____|/ ____|
2026-01-08 22:16:57 [INFO]  | |    | (___ | |        [CSC] Version: v0.21
2026-01-08 22:16:57 [INFO]  | |     \___ \| |        Minecraft Version: 1.20.1 forge
2026-01-08 22:16:57 [INFO]  | |____ ____) | |____    Problem/Feedback: Tencent QQ?1061133894
2026-01-08 22:16:57 [INFO]   \_____|_____/ \_____|
2026-01-08 22:16:57 [INFO]                        
2026-01-08 22:18:15 [INFO] CSC close completely, thanks for using!
2026-01-08 22:18:59 [INFO] CSC is loading...   Success?
2026-01-08 22:20:22 [INFO]    _____  _____  _____ 
2026-01-08 22:20:22 [INFO]   / ____|/ ____|/ ____|
2026-01-08 22:20:22 [INFO]  | |    | (___ | |        [CSC] Version: v0.21
2026-01-08 22:20:22 [INFO]  | |     \___ \| |        Minecraft Version: 1.20.1 forge
2026-01-08 22:20:22 [INFO]  | |____ ____) | |____    Problem/Feedback: Tencent QQ?1061133894
2026-01-08 22:20:22 [INFO]   \_____|_____/ \_____|
2026-01-08 22:20:22 [INFO]                        
2026-01-09 12:42:36 [INFO] CSC is loading...   Success?
2026-01-09 12:43:13 [INFO]    _____  _____  _____ 
2026-01-09 12:43:13 [INFO]   / ____|/ ____|/ ____|
2026-01-09 12:43:13 [INFO]  | |    | (___ | |        [CSC] Version: v0.21
2026-01-09 12:43:13 [INFO]  | |     \___ \| |        Minecraft Version: 1.20.1 forge
2026-01-09 12:43:13 [INFO]  | |____ ____) | |____    Problem/Feedback: Tencent QQ?1061133894
2026-01-09 12:43:13 [INFO]   \_____|_____/ \_____|
2026-01-09 12:43:13 [INFO]                        
2026-01-09 12:43:57 [INFO] CSC close completely, thanks for using!
2026-01-09 12:44:09 [INFO]    _____  _____  _____ 
2026-01-09 12:44:09 [INFO]   / ____|/ ____|/ ____|
2026-01-09 12:44:09 [INFO]  | |    | (___ | |        [CSC] Version: v0.21
2026-01-09 12:44:09 [INFO]  | |     \___ \| |        Minecraft Version: 1.20.1 forge
2026-01-09 12:44:09 [INFO]  | |____ ____) | |____    Problem/Feedback: Tencent QQ?1061133894
2026-01-09 12:44:09 [INFO]   \_____|_____/ \_____|
2026-01-09 12:44:09 [INFO]                        
2026-01-09 14:19:24 [INFO] CSC close completely, thanks for using!
2026-01-09 14:34:55 [INFO] CSC is loading...   Success?
2026-01-09 14:36:30 [INFO] CSC is loading...   Success?
2026-01-09 14:36:54 [INFO]    _____  _____  _____ 
2026-01-09 14:36:54 [INFO]   / ____|/ ____|/ ____|
2026-01-09 14:36:54 [INFO]  | |    | (___ | |        [CSC] Version: v0.21
2026-01-09 14:36:54 [INFO]  | |     \___ \| |        Minecraft Version: 1.20.1 forge
2026-01-09 14:36:54 [INFO]  | |____ ____) | |____    Problem/Feedback: Tencent QQ?1061133894
2026-01-09 14:36:54 [INFO]   \_____|_____/ \_____|
2026-01-09 14:36:54 [INFO]                        
2026-01-09 14:56:38 [INFO] CSC close completely, thanks for using!
2026-01-09 14:58:31 [INFO] CSC is loading...   Success?
2026-01-09 14:59:42 [INFO]    _____  _____  _____ 
2026-01-09 14:59:42 [INFO]   / ____|/ ____|/ ____|
2026-01-09 14:59:42 [INFO]  | |    | (___ | |        [CSC] Version: v0.21
2026-01-09 14:59:42 [INFO]  | |     \___ \| |        Minecraft Version: 1.20.1 forge
2026-01-09 14:59:42 [INFO]  | |____ ____) | |____    Problem/Feedback: Tencent QQ?1061133894
2026-01-09 14:59:42 [INFO]   \_____|_____/ \_____|
2026-01-09 14:59:42 [INFO]                        
2026-01-09 15:34:20 [INFO] CSC close completely, thanks for using!
2026-01-09 15:35:33 [INFO] CSC is loading...   Success?
2026-01-09 15:35:55 [INFO]    _____  _____  _____ 
2026-01-09 15:35:55 [INFO]   / ____|/ ____|/ ____|
2026-01-09 15:35:55 [INFO]  | |    | (___ | |        [CSC] Version: v0.21
2026-01-09 15:35:55 [INFO]  | |     \___ \| |        Minecraft Version: 1.20.1 forge
2026-01-09 15:35:55 [INFO]  | |____ ____) | |____    Problem/Feedback: Tencent QQ?1061133894
2026-01-09 15:35:55 [INFO]   \_____|_____/ \_____|
2026-01-09 15:35:55 [INFO]                        
2026-01-09 15:36:38 [INFO] CSC close completely, thanks for using!
2026-01-09 15:37:22 [INFO] CSC is loading...   Success?
2026-01-09 15:39:59 [INFO]    _____  _____  _____ 
2026-01-09 15:39:59 [INFO]   / ____|/ ____|/ ____|
2026-01-09 15:39:59 [INFO]  | |    | (___ | |        [CSC] Version: v0.21
2026-01-09 15:39:59 [INFO]  | |     \___ \| |        Minecraft Version: 1.20.1 forge
2026-01-09 15:39:59 [INFO]  | |____ ____) | |____    Problem/Feedback: Tencent QQ?1061133894
2026-01-09 15:39:59 [INFO]   \_____|_____/ \_____|
2026-01-09 15:39:59 [INFO]                        
2026-01-09 15:40:41 [INFO] CSC close completely, thanks for using!
2026-01-09 20:03:06 [INFO] CSC is loading...   Success?
2026-01-09 20:04:21 [INFO]    _____  _____  _____ 
2026-01-09 20:04:21 [INFO]   / ____|/ ____|/ ____|
2026-01-09 20:04:21 [INFO]  | |    | (___ | |        [CSC] Version: v0.21
2026-01-09 20:04:21 [INFO]  | |     \___ \| |        Minecraft Version: 1.20.1 forge
2026-01-09 20:04:21 [INFO]  | |____ ____) | |____    Problem/Feedback: Tencent QQ?1061133894
2026-01-09 20:04:21 [INFO]   \_____|_____/ \_____|
2026-01-09 20:04:21 [INFO]                        
2026-01-09 20:25:11 [INFO] CSC close completely, thanks for using!
2026-01-09 21:04:05 [INFO] CSC is loading...   Success?
2026-01-09 21:04:31 [INFO]    _____  _____  _____ 
2026-01-09 21:04:31 [INFO]   / ____|/ ____|/ ____|
2026-01-09 21:04:31 [INFO]  | |    | (___ | |        [CSC] Version: v0.21
2026-01-09 21:04:31 [INFO]  | |     \___ \| |        Minecraft Version: 1.20.1 forge
2026-01-09 21:04:31 [INFO]  | |____ ____) | |____    Problem/Feedback: Tencent QQ?1061133894
2026-01-09 21:04:31 [INFO]   \_____|_____/ \_____|
2026-01-09 21:04:31 [INFO]                        
2026-01-09 21:40:52 [INFO] CSC close completely, thanks for using!
2026-01-09 21:42:26 [INFO] CSC is loading...   Success?
2026-01-09 21:42:53 [INFO]    _____  _____  _____ 
2026-01-09 21:42:53 [INFO]   / ____|/ ____|/ ____|
2026-01-09 21:42:53 [INFO]  | |    | (___ | |        [CSC] Version: v0.21
2026-01-09 21:42:53 [INFO]  | |     \___ \| |        Minecraft Version: 1.20.1 forge
2026-01-09 21:42:53 [INFO]  | |____ ____) | |____    Problem/Feedback: Tencent QQ?1061133894
2026-01-09 21:42:53 [INFO]   \_____|_____/ \_____|
2026-01-09 21:42:53 [INFO]                        
2026-01-09 22:35:15 [INFO] CSC close completely, thanks for using!
2026-01-09 22:37:43 [INFO] CSC is loading...   Success?
2026-01-09 22:39:04 [INFO]    _____  _____  _____ 
2026-01-09 22:39:04 [INFO]   / ____|/ ____|/ ____|
2026-01-09 22:39:04 [INFO]  | |    | (___ | |        [CSC] Version: v0.21
2026-01-09 22:39:04 [INFO]  | |     \___ \| |        Minecraft Version: 1.20.1 forge
2026-01-09 22:39:04 [INFO]  | |____ ____) | |____    Problem/Feedback: Tencent QQ?1061133894
2026-01-09 22:39:04 [INFO]   \_____|_____/ \_____|
2026-01-09 22:39:04 [INFO]                        
2026-01-09 22:40:00 [INFO] CSC close completely, thanks for using!
2026-01-09 22:42:41 [INFO] CSC is loading...   Success?
2026-01-09 22:43:09 [INFO]    _____  _____  _____ 
2026-01-09 22:43:09 [INFO]   / ____|/ ____|/ ____|
2026-01-09 22:43:09 [INFO]  | |    | (___ | |        [CSC] Version: v0.21
2026-01-09 22:43:09 [INFO]  | |     \___ \| |        Minecraft Version: 1.20.1 forge
2026-01-09 22:43:09 [INFO]  | |____ ____) | |____    Problem/Feedback: Tencent QQ?1061133894
2026-01-09 22:43:09 [INFO]   \_____|_____/ \_____|
2026-01-09 22:43:09 [INFO]                        
2026-01-09 22:45:37 [INFO] CSC close completely, thanks for using!
